3229 1569319642309 java.lang.NullPointerException
3332 1569319642412 java.lang.NullPointerException
3436 1569319642516 java.lang.NullPointerException
3540 1569319642620 java.lang.NullPointerException
3642 1569319642722 java.lang.NullPointerException
3745 1569319642825 java.lang.NullPointerException
3848 1569319642928 java.lang.NullPointerException
3949 1569319643029 java.lang.NullPointerException
4051 1569319643131 java.lang.NullPointerException
4155 1569319643235 java.lang.NullPointerException
4260 1569319643340 java.lang.NullPointerException
4362 1569319643442 java.lang.NullPointerException
4462 1569319643542 java.lang.NullPointerException
4563 1569319643643 java.lang.NullPointerException
4668 1569319643748 java.lang.NullPointerException
4769 1569319643849 java.lang.NullPointerException
4870 1569319643950 java.lang.NullPointerException
4970 1569319644050 java.lang.NullPointerException
5074 1569319644154 java.lang.NullPointerException
5179 1569319644259 java.lang.NullPointerException
5282 1569319644362 java.lang.NullPointerException
5387 1569319644467 java.lang.NullPointerException
5492 1569319644572 java.lang.NullPointerException
5593 1569319644673 java.lang.NullPointerException
5698 1569319644778 java.lang.NullPointerException
5798 1569319644878 java.lang.NullPointerException
5901 1569319644981 java.lang.NullPointerException
6003 1569319645083 java.lang.NullPointerException
6106 1569319645186 java.lang.NullPointerException
6211 1569319645291 java.lang.NullPointerException
6312 1569319645392 java.lang.NullPointerException
6418 1569319645498 java.lang.NullPointerException
6518 1569319645598 java.lang.NullPointerException
6621 1569319645701 java.lang.NullPointerException
6724 1569319645804 java.lang.NullPointerException
6826 1569319645906 java.lang.NullPointerException
6932 1569319646012 java.lang.NullPointerException
7036 1569319646116 java.lang.NullPointerException
7140 1569319646220 java.lang.NullPointerException
7243 1569319646323 java.lang.NullPointerException
7347 1569319646427 java.lang.NullPointerException
7452 1569319646532 java.lang.NullPointerException
7552 1569319646632 java.lang.NullPointerException
7653 1569319646733 java.lang.NullPointerException
7755 1569319646835 java.lang.NullPointerException
7861 1569319646941 java.lang.NullPointerException
7962 1569319647042 java.lang.NullPointerException
8063 1569319647143 java.lang.NullPointerException
8164 1569319647244 java.lang.NullPointerException
8266 1569319647346 java.lang.NullPointerException
8368 1569319647448 java.lang.NullPointerException
8468 1569319647548 java.lang.NullPointerException
8569 1569319647649 java.lang.NullPointerException
8669 1569319647749 java.lang.NullPointerException
8769 1569319647849 java.lang.NullPointerException
8870 1569319647950 java.lang.NullPointerException
8971 1569319648051 java.lang.NullPointerException
9075 1569319648155 java.lang.NullPointerException
9178 1569319648258 java.lang.NullPointerException
9283 1569319648363 java.lang.NullPointerException
9383 1569319648463 java.lang.NullPointerException
9486 1569319648566 java.lang.NullPointerException
9586 1569319648666 java.lang.NullPointerException
9687 1569319648767 java.lang.NullPointerException
9792 1569319648872 java.lang.NullPointerException
9895 1569319648975 java.lang.NullPointerException
9996 1569319649076 java.lang.NullPointerException
10099 1569319649179 java.lang.NullPointerException
10201 1569319649281 java.lang.NullPointerException
10301 1569319649381 java.lang.NullPointerException
10405 1569319649485 java.lang.NullPointerException
10506 1569319649586 java.lang.NullPointerException
10609 1569319649689 java.lang.NullPointerException
10709 1569319649789 java.lang.NullPointerException
10810 1569319649890 java.lang.NullPointerException
10911 1569319649991 java.lang.NullPointerException
11012 1569319650092 java.lang.NullPointerException
11113 1569319650193 java.lang.NullPointerException
11218 1569319650298 java.lang.NullPointerException
11323 1569319650403 java.lang.NullPointerException
11428 1569319650508 java.lang.NullPointerException
11534 1569319650614 java.lang.NullPointerException
11634 1569319650714 java.lang.NullPointerException
11736 1569319650816 java.lang.NullPointerException
11836 1569319650916 java.lang.NullPointerException
11941 1569319651021 java.lang.NullPointerException
12045 1569319651125 java.lang.NullPointerException
12148 1569319651228 java.lang.NullPointerException
12250 1569319651330 java.lang.NullPointerException
12352 1569319651432 java.lang.NullPointerException
12452 1569319651532 java.lang.NullPointerException
12555 1569319651635 java.lang.NullPointerException
12656 1569319651736 java.lang.NullPointerException
12757 1569319651837 java.lang.NullPointerException
12861 1569319651941 java.lang.NullPointerException
12961 1569319652041 java.lang.NullPointerException
13062 1569319652142 java.lang.NullPointerException
13163 1569319652243 java.lang.NullPointerException
13268 1569319652348 java.lang.NullPointerException
13369 1569319652449 java.lang.NullPointerException
4658 1569319736669 java.lang.NullPointerException
4660 1569319736671 java.lang.ArithmeticException
4761 1569319736772 java.lang.NullPointerException
4761 1569319736772 java.lang.ArithmeticException
4864 1569319736875 java.lang.NullPointerException
4864 1569319736875 java.lang.ArithmeticException
4966 1569319736977 java.lang.NullPointerException
4966 1569319736977 java.lang.ArithmeticException
5068 1569319737079 java.lang.NullPointerException
5068 1569319737079 java.lang.ArithmeticException
5168 1569319737179 java.lang.NullPointerException
5168 1569319737179 java.lang.ArithmeticException
5270 1569319737281 java.lang.NullPointerException
5270 1569319737281 java.lang.ArithmeticException
5371 1569319737382 java.lang.NullPointerException
5371 1569319737382 java.lang.ArithmeticException
5473 1569319737484 java.lang.NullPointerException
5473 1569319737484 java.lang.ArithmeticException
5574 1569319737585 java.lang.NullPointerException
5574 1569319737585 java.lang.ArithmeticException
5677 1569319737688 java.lang.NullPointerException
5678 1569319737689 java.lang.ArithmeticException
5780 1569319737791 java.lang.NullPointerException
5780 1569319737791 java.lang.ArithmeticException
5881 1569319737892 java.lang.NullPointerException
5881 1569319737892 java.lang.ArithmeticException
5981 1569319737992 java.lang.NullPointerException
5981 1569319737992 java.lang.ArithmeticException
6085 1569319738096 java.lang.NullPointerException
6085 1569319738096 java.lang.ArithmeticException
6189 1569319738200 java.lang.NullPointerException
6189 1569319738200 java.lang.ArithmeticException
6290 1569319738301 java.lang.NullPointerException
6290 1569319738301 java.lang.ArithmeticException
6390 1569319738401 java.lang.NullPointerException
6390 1569319738401 java.lang.ArithmeticException
6491 1569319738502 java.lang.NullPointerException
6491 1569319738502 java.lang.ArithmeticException
6595 1569319738606 java.lang.NullPointerException
6595 1569319738606 java.lang.ArithmeticException
6699 1569319738710 java.lang.NullPointerException
6699 1569319738710 java.lang.ArithmeticException
6801 1569319738812 java.lang.NullPointerException
6801 1569319738812 java.lang.ArithmeticException
6901 1569319738912 java.lang.NullPointerException
6901 1569319738912 java.lang.ArithmeticException
7002 1569319739013 java.lang.NullPointerException
7002 1569319739013 java.lang.ArithmeticException
7107 1569319739118 java.lang.NullPointerException
7107 1569319739118 java.lang.ArithmeticException
7208 1569319739219 java.lang.NullPointerException
7208 1569319739219 java.lang.ArithmeticException
7309 1569319739320 java.lang.NullPointerException
7309 1569319739320 java.lang.ArithmeticException
7410 1569319739421 java.lang.NullPointerException
7410 1569319739421 java.lang.ArithmeticException
7510 1569319739521 java.lang.NullPointerException
7511 1569319739522 java.lang.ArithmeticException
7611 1569319739622 java.lang.NullPointerException
7612 1569319739623 java.lang.ArithmeticException
7717 1569319739728 java.lang.NullPointerException
7717 1569319739728 java.lang.ArithmeticException
7818 1569319739829 java.lang.NullPointerException
7818 1569319739829 java.lang.ArithmeticException
7923 1569319739934 java.lang.NullPointerException
7923 1569319739934 java.lang.ArithmeticException
8028 1569319740039 java.lang.NullPointerException
8029 1569319740040 java.lang.ArithmeticException
8130 1569319740141 java.lang.NullPointerException
8130 1569319740141 java.lang.ArithmeticException
8230 1569319740241 java.lang.NullPointerException
8230 1569319740241 java.lang.ArithmeticException
8331 1569319740342 java.lang.NullPointerException
8331 1569319740342 java.lang.ArithmeticException
8432 1569319740443 java.lang.NullPointerException
8432 1569319740443 java.lang.ArithmeticException
8532 1569319740543 java.lang.NullPointerException
8533 1569319740544 java.lang.ArithmeticException
8633 1569319740644 java.lang.NullPointerException
8633 1569319740644 java.lang.ArithmeticException
8736 1569319740747 java.lang.NullPointerException
8736 1569319740747 java.lang.ArithmeticException
8840 1569319740851 java.lang.NullPointerException
8840 1569319740851 java.lang.ArithmeticException
8941 1569319740952 java.lang.NullPointerException
8941 1569319740952 java.lang.ArithmeticException
9046 1569319741057 java.lang.NullPointerException
9046 1569319741057 java.lang.ArithmeticException
9151 1569319741162 java.lang.NullPointerException
9151 1569319741162 java.lang.ArithmeticException
9253 1569319741264 java.lang.NullPointerException
9256 1569319741267 java.lang.ArithmeticException
9357 1569319741368 java.lang.NullPointerException
9358 1569319741369 java.lang.ArithmeticException
9461 1569319741472 java.lang.NullPointerException
9461 1569319741472 java.lang.ArithmeticException
9562 1569319741573 java.lang.NullPointerException
9562 1569319741573 java.lang.ArithmeticException
9663 1569319741674 java.lang.NullPointerException
9663 1569319741674 java.lang.ArithmeticException
9763 1569319741774 java.lang.NullPointerException
9763 1569319741774 java.lang.ArithmeticException
9864 1569319741875 java.lang.NullPointerException
9864 1569319741875 java.lang.ArithmeticException
9965 1569319741976 java.lang.NullPointerException
9965 1569319741976 java.lang.ArithmeticException
10065 1569319742076 java.lang.NullPointerException
10065 1569319742076 java.lang.ArithmeticException
10166 1569319742177 java.lang.NullPointerException
10166 1569319742177 java.lang.ArithmeticException
10267 1569319742278 java.lang.NullPointerException
10267 1569319742278 java.lang.ArithmeticException
10370 1569319742381 java.lang.NullPointerException
10370 1569319742381 java.lang.ArithmeticException
10473 1569319742484 java.lang.NullPointerException
10473 1569319742484 java.lang.ArithmeticException
10574 1569319742585 java.lang.NullPointerException
10574 1569319742585 java.lang.ArithmeticException
10675 1569319742686 java.lang.NullPointerException
10676 1569319742687 java.lang.ArithmeticException
10780 1569319742791 java.lang.NullPointerException
10780 1569319742791 java.lang.ArithmeticException
10881 1569319742892 java.lang.NullPointerException
10881 1569319742892 java.lang.ArithmeticException
10982 1569319742993 java.lang.NullPointerException
10982 1569319742993 java.lang.ArithmeticException
11082 1569319743093 java.lang.NullPointerException
11083 1569319743094 java.lang.ArithmeticException
11184 1569319743195 java.lang.NullPointerException
11184 1569319743195 java.lang.ArithmeticException
11285 1569319743296 java.lang.NullPointerException
11285 1569319743296 java.lang.ArithmeticException
11390 1569319743401 java.lang.NullPointerException
11390 1569319743401 java.lang.ArithmeticException
11491 1569319743502 java.lang.NullPointerException
11491 1569319743502 java.lang.ArithmeticException
11592 1569319743603 java.lang.NullPointerException
11592 1569319743603 java.lang.ArithmeticException
11693 1569319743704 java.lang.NullPointerException
11693 1569319743704 java.lang.ArithmeticException
11794 1569319743805 java.lang.NullPointerException
11794 1569319743805 java.lang.ArithmeticException
11896 1569319743907 java.lang.NullPointerException
11896 1569319743907 java.lang.ArithmeticException
11997 1569319744008 java.lang.NullPointerException
11997 1569319744008 java.lang.ArithmeticException
12098 1569319744109 java.lang.NullPointerException
12101 1569319744112 java.lang.ArithmeticException
12201 1569319744212 java.lang.NullPointerException
12201 1569319744212 java.lang.ArithmeticException
12302 1569319744313 java.lang.NullPointerException
12302 1569319744313 java.lang.ArithmeticException
12405 1569319744416 java.lang.NullPointerException
12405 1569319744416 java.lang.ArithmeticException
12510 1569319744521 java.lang.NullPointerException
12510 1569319744521 java.lang.ArithmeticException
12611 1569319744622 java.lang.NullPointerException
12611 1569319744622 java.lang.ArithmeticException
12716 1569319744727 java.lang.NullPointerException
12716 1569319744727 java.lang.ArithmeticException
12818 1569319744829 java.lang.NullPointerException
12818 1569319744829 java.lang.ArithmeticException
12920 1569319744931 java.lang.NullPointerException
12920 1569319744931 java.lang.ArithmeticException
13021 1569319745032 java.lang.NullPointerException
13021 1569319745032 java.lang.ArithmeticException
13127 1569319745138 java.lang.NullPointerException
13127 1569319745138 java.lang.ArithmeticException
13232 1569319745243 java.lang.NullPointerException
13232 1569319745243 java.lang.ArithmeticException
13334 1569319745345 java.lang.NullPointerException
13335 1569319745346 java.lang.ArithmeticException
13436 1569319745447 java.lang.NullPointerException
13436 1569319745447 java.lang.ArithmeticException
13537 1569319745548 java.lang.NullPointerException
13537 1569319745548 java.lang.ArithmeticException
13638 1569319745649 java.lang.NullPointerException
13638 1569319745649 java.lang.ArithmeticException
13741 1569319745752 java.lang.NullPointerException
13741 1569319745752 java.lang.ArithmeticException
13845 1569319745856 java.lang.NullPointerException
13845 1569319745856 java.lang.ArithmeticException
13950 1569319745961 java.lang.NullPointerException
13950 1569319745961 java.lang.ArithmeticException
14051 1569319746062 java.lang.NullPointerException
14051 1569319746062 java.lang.ArithmeticException
14151 1569319746162 java.lang.NullPointerException
14151 1569319746162 java.lang.ArithmeticException
14251 1569319746262 java.lang.NullPointerException
14252 1569319746263 java.lang.ArithmeticException
14357 1569319746368 java.lang.NullPointerException
14357 1569319746368 java.lang.ArithmeticException
14462 1569319746473 java.lang.NullPointerException
14462 1569319746473 java.lang.ArithmeticException
14564 1569319746575 java.lang.NullPointerException
14564 1569319746575 java.lang.ArithmeticException
14668 1569319746679 java.lang.NullPointerException
14668 1569319746679 java.lang.ArithmeticException
14768 1569319746779 java.lang.NullPointerException
14768 1569319746779 java.lang.ArithmeticException
